Academic Background
ACADEMIC EXPERIENCE
ACADEMIC TRAINING
Academic Trainings
APPRENTICESHIPS
CERTIFICATION
CERTIFICATIONS
Certificates
Certificate
COLLEGE ACTIVITIES
COURSE PROJECT EXPERIENCE
COURSES
EDUCATION
Educations
EDUCATION AND TRAINING
Education and Trainings
EDUCATIONAL BACKGROUND
EDUCATIONAL QUALIFICATIONS
EDUCATIONAL TRAINING
Educational Trainings
INTERNSHIP EXPERIENCE
INTERNSHIPS
PATENT
PATENTS
PROFESSIONAL TRAINING
PROFESSIONAL TRAININGS
Programs
PROGRAMS
RELATED COURSE PROJECTS
RELATED COURSES
SPECIAL TRAINING
SPECIAL TRAININGS
STUDY
Training
TRAININGS
WORKSHOP
WORKSHOPS
