ADDITIONAL EXPERIENCE
Additional Experiences
ARMY EXPERIENCE
Army Experiences
CAREER RELATED EXPERIENCE
Career Related Experiences
EMPLOYMENT HISTORY
Employment History
EXPERIENCE
Experiences
FREELANCE
Freelance
FREELANCE EXPERIENCE
Freelance Experiences
MILITARY BACKGROUND
Military Background
MILITARY EXPERIENCE
Military Experiences
PROFESSIONAL BACKGROUND
Professional Background
PROFESSIONAL EXPERIENCE
Professional Experiences
PROJECT
PROJECTS
Related Experiences
RELATED EXPERIENCE
WORK EXPERIENCE
Work Experiences
WORK HISTORY
